
> nurox-backend@1.0.0 start
> node src/server.js

2025-07-17 01:57:30 [[32minfo[39m]: Real-time service initialized {
  "service": "nurox-api"
}
2025-07-17 01:57:30 [[32minfo[39m]: 🚀 Server running on port 3000 {
  "service": "nurox-api"
}
2025-07-17 01:57:30 [[32minfo[39m]: 📚 API Documentation available at http://localhost:3000/api/docs {
  "service": "nurox-api"
}
2025-07-17 01:57:30 [[32minfo[39m]: 🌐 Server also accessible at http://192.168.0.102:3000 {
  "service": "nurox-api"
}
2025-07-17 01:57:39 [[32minfo[39m]: 192.168.0.102 - - [16/Jul/2025:20:27:39 +0000] "HEAD /health HTTP/1.1" 200 104 "-" "curl/8.5.0" {
  "service": "nurox-api"
}
Login request received: { email: 'chamidu@patient.com', hasPassword: true }
2025-07-17 01:57:56 [[32minfo[39m]: User logged in: chamidu@patient.com {
  "service": "nurox-api"
}
2025-07-17 01:57:56 [[32minfo[39m]: 192.168.0.102 - - [16/Jul/2025:20:27:56 +0000] "POST /api/auth/login HTTP/1.1" 200 1638 "-" "curl/8.5.0" {
  "service": "nurox-api"
}
2025-07-17 02:00:28 [[32minfo[39m]: 192.168.0.100 - - [16/Jul/2025:20:30:28 +0000] "GET /health HTTP/1.1" 200 105 "-" "Expo/1017699 CFNetwork/3826.500.131 Darwin/24.5.0" {
  "service": "nurox-api"
}
Login request received: { email: 'chamidu@patient.com', hasPassword: true }
2025-07-17 02:00:32 [[32minfo[39m]: User logged in: chamidu@patient.com {
  "service": "nurox-api"
}
2025-07-17 02:00:32 [[32minfo[39m]: 192.168.0.100 - - [16/Jul/2025:20:30:32 +0000] "POST /api/auth/login HTTP/1.1" 200 - "-" "Expo/1017699 CFNetwork/3826.500.131 Darwin/24.5.0" {
  "service": "nurox-api"
}
2025-07-17 02:00:34 [[32minfo[39m]: User connected: chamidu@patient.com (PATIENT) {
  "service": "nurox-api"
}
2025-07-17 02:00:36 [[32minfo[39m]: 192.168.0.100 - - [16/Jul/2025:20:30:36 +0000] "GET /api/appointments HTTP/1.1" 200 - "-" "Expo/1017699 CFNetwork/3826.500.131 Darwin/24.5.0" {
  "service": "nurox-api"
}
2025-07-17 02:01:16 [[32minfo[39m]: 192.168.0.100 - - [16/Jul/2025:20:31:16 +0000] "GET /api/appointments/doctors/list HTTP/1.1" 200 - "-" "Expo/1017699 CFNetwork/3826.500.131 Darwin/24.5.0" {
  "service": "nurox-api"
}
2025-07-17 02:02:13 [[32minfo[39m]: 192.168.0.100 - - [16/Jul/2025:20:32:13 +0000] "GET /api/appointments/doctors/cmcxijl06000epcsyp2ngdjrk/tokens?date=2025-07-17 HTTP/1.1" 200 118 "-" "Expo/1017699 CFNetwork/3826.500.131 Darwin/24.5.0" {
  "service": "nurox-api"
}
2025-07-17 02:02:23 [[32minfo[39m]: 192.168.0.100 - - [16/Jul/2025:20:32:23 +0000] "GET /api/appointments/doctors/list HTTP/1.1" 304 - "-" "Expo/1017699 CFNetwork/3826.500.131 Darwin/24.5.0" {
  "service": "nurox-api"
}
2025-07-17 02:02:25 [[32minfo[39m]: Appointment created: cmd6f3pe7000514i4981hpn5l by chamidu@patient.com {
  "service": "nurox-api"
}
2025-07-17 02:02:25 [[32minfo[39m]: 192.168.0.100 - - [16/Jul/2025:20:32:25 +0000] "POST /api/appointments HTTP/1.1" 201 - "-" "Expo/1017699 CFNetwork/3826.500.131 Darwin/24.5.0" {
  "service": "nurox-api"
}
2025-07-17 02:02:35 [[32minfo[39m]: PayHere hash generated for order: NUROX-1752697955034-3iychnaq3 {
  "service": "nurox-api"
}
2025-07-17 02:02:35 [[32minfo[39m]: PayHere payment form data generated for order: NUROX-1752697955034-3iychnaq3 {
  "service": "nurox-api"
}
2025-07-17 02:02:35 [[32minfo[39m]: PayHere payment created: cmd6f3xxi000914i4r20774j5 for user chamidu@patient.com {
  "service": "nurox-api"
}
2025-07-17 02:02:35 [[32minfo[39m]: 192.168.0.100 - - [16/Jul/2025:20:32:35 +0000] "POST /api/payments/payhere/create HTTP/1.1" 201 543 "-" "Expo/1017699 CFNetwork/3826.500.131 Darwin/24.5.0" {
  "service": "nurox-api"
}
2025-07-17 02:03:02 [[32minfo[39m]: 192.168.0.100 - - [16/Jul/2025:20:33:02 +0000] "GET /api/appointments HTTP/1.1" 200 - "-" "Expo/1017699 CFNetwork/3826.500.131 Darwin/24.5.0" {
  "service": "nurox-api"
}
2025-07-17 02:08:48 [[32minfo[39m]: User disconnected: chamidu@patient.com {
  "service": "nurox-api"
}
